2025-01-28 10:17:47.1521 | INFO | Now listening on: http://localhost:5102 
2025-01-28 10:17:47.2220 | INFO | Application started. Press Ctrl+C to shut down. 
2025-01-28 10:17:47.2220 | INFO | Hosting environment: Development 
2025-01-28 10:17:47.2220 | INFO | Content root path: F:\Yash Khokhar\DotNet Core\Code\ContactBookAPI 
2025-01-28 10:17:56.4962 | INFO | Request starting HTTP/1.1 GET http://localhost:5102/swagger/index.html - - 
2025-01-28 10:17:56.7361 | INFO | Request finished HTTP/1.1 GET http://localhost:5102/swagger/index.html - - - 404 0 - 203.0723ms 
2025-01-28 10:18:00.6188 | INFO | Request starting HTTP/1.1 GET http://localhost:5102/swagger/index.html - - 
2025-01-28 10:18:00.6253 | INFO | Request finished HTTP/1.1 GET http://localhost:5102/swagger/index.html - - - 404 0 - 6.4207ms 
2025-01-28 10:18:01.7100 | INFO | Request starting HTTP/1.1 GET http://localhost:5102/swagger/index.html - - 
2025-01-28 10:18:01.7100 | INFO | Request finished HTTP/1.1 GET http://localhost:5102/swagger/index.html - - - 404 0 - 2.5613ms 
2025-01-28 10:18:01.8781 | INFO | Request starting HTTP/1.1 GET http://localhost:5102/swagger/index.html - - 
2025-01-28 10:18:01.8781 | INFO | Request finished HTTP/1.1 GET http://localhost:5102/swagger/index.html - - - 404 0 - 1.7009ms 
2025-01-28 10:18:02.1332 | INFO | Request starting HTTP/1.1 GET http://localhost:5102/swagger/index.html - - 
2025-01-28 10:18:02.1332 | INFO | Request finished HTTP/1.1 GET http://localhost:5102/swagger/index.html - - - 404 0 - 4.8514ms 
2025-01-28 10:18:13.2567 | INFO | Now listening on: http://localhost:5102 
2025-01-28 10:18:13.3226 | INFO | Application started. Press Ctrl+C to shut down. 
2025-01-28 10:18:13.3226 | INFO | Hosting environment: Development 
2025-01-28 10:18:13.3226 | INFO | Content root path: F:\Yash Khokhar\DotNet Core\Code\ContactBookAPI 
2025-01-28 10:18:18.0512 | INFO | Request starting HTTP/1.1 GET http://localhost:5102/swagger/index.html - - 
2025-01-28 10:18:18.1788 | INFO | Request finished HTTP/1.1 GET http://localhost:5102/swagger/index.html - - - 404 0 - 132.5104ms 
2025-01-28 10:18:35.6203 | INFO | Request starting HTTP/1.1 GET http://localhost:5102/swagger/index.html - - 
2025-01-28 10:18:35.6203 | INFO | Request finished HTTP/1.1 GET http://localhost:5102/swagger/index.html - - - 404 0 - 2.6946ms 
2025-01-28 10:34:20.1858 | INFO | Now listening on: http://localhost:5102 | 
2025-01-28 10:34:20.2321 | INFO | Application started. Press Ctrl+C to shut down. | 
2025-01-28 10:34:20.2321 | INFO | Hosting environment: Development | 
2025-01-28 10:34:20.2321 | INFO | Content root path: F:\Yash Khokhar\DotNet Core\Code\ContactBookAPI | 
2025-01-28 10:34:26.7666 | INFO | Request starting HTTP/1.1 GET http://localhost:5102/swagger/index.html - - | 
2025-01-28 10:34:26.9980 | WARN | Failed to determine the https port for redirect. | 
2025-01-28 10:34:27.0966 | INFO | Request finished HTTP/1.1 GET http://localhost:5102/swagger/index.html - - - 404 0 - 332.4924ms | 
2025-01-28 10:41:49.0158 | INFO | CLContactsController: Get method called | 
2025-01-28 10:48:30.7263 | INFO | CLContactsController: Get method called | 
2025-01-28 11:01:14.7891 | ERROR | Stopped program because of exception | System.InvalidOperationException: Error while validating the service descriptor 'ServiceType: ContactBookAPI.BL.BLContactBook Lifetime: Scoped ImplementationType: ContactBookAPI.BL.BLContactBook': Unable to resolve service for type 'System.String' while attempting to activate 'ContactBookAPI.BL.BLContactBook'.
 ---> System.InvalidOperationException: Unable to resolve service for type 'System.String' while attempting to activate 'ContactBookAPI.BL.BLContactBook'.
   at Microsoft.Extensions.DependencyInjection.ServiceLookup.CallSiteFactory.CreateArgumentCallSites(Type implementationType, CallSiteChain callSiteChain, ParameterInfo[] parameters, Boolean throwIfCallSiteNotFound)
   at Microsoft.Extensions.DependencyInjection.ServiceLookup.CallSiteFactory.CreateConstructorCallSite(ResultCache lifetime, Type serviceType, Type implementationType, CallSiteChain callSiteChain)
   at Microsoft.Extensions.DependencyInjection.ServiceLookup.CallSiteFactory.TryCreateExact(ServiceDescriptor descriptor, Type serviceType, CallSiteChain callSiteChain, Int32 slot)
   at Microsoft.Extensions.DependencyInjection.ServiceLookup.CallSiteFactory.GetCallSite(ServiceDescriptor serviceDescriptor, CallSiteChain callSiteChain)
   at Microsoft.Extensions.DependencyInjection.ServiceProvider.ValidateService(ServiceDescriptor descriptor)
   --- End of inner exception stack trace ---
   at Microsoft.Extensions.DependencyInjection.ServiceProvider.ValidateService(ServiceDescriptor descriptor)
   at Microsoft.Extensions.DependencyInjection.ServiceProvider..ctor(ICollection`1 serviceDescriptors, ServiceProviderOptions options)
2025-01-28 11:03:07.0766 | ERROR | Stopped program because of exception | System.InvalidOperationException: Error while validating the service descriptor 'ServiceType: ContactBookAPI.BL.BLContactBook Lifetime: Scoped ImplementationType: ContactBookAPI.BL.BLContactBook': Unable to resolve service for type 'System.String' while attempting to activate 'ContactBookAPI.BL.BLContactBook'.
 ---> System.InvalidOperationException: Unable to resolve service for type 'System.String' while attempting to activate 'ContactBookAPI.BL.BLContactBook'.
   at Microsoft.Extensions.DependencyInjection.ServiceLookup.CallSiteFactory.CreateArgumentCallSites(Type implementationType, CallSiteChain callSiteChain, ParameterInfo[] parameters, Boolean throwIfCallSiteNotFound)
   at Microsoft.Extensions.DependencyInjection.ServiceLookup.CallSiteFactory.CreateConstructorCallSite(ResultCache lifetime, Type serviceType, Type implementationType, CallSiteChain callSiteChain)
   at Microsoft.Extensions.DependencyInjection.ServiceLookup.CallSiteFactory.TryCreateExact(ServiceDescriptor descriptor, Type serviceType, CallSiteChain callSiteChain, Int32 slot)
   at Microsoft.Extensions.DependencyInjection.ServiceLookup.CallSiteFactory.GetCallSite(ServiceDescriptor serviceDescriptor, CallSiteChain callSiteChain)
   at Microsoft.Extensions.DependencyInjection.ServiceProvider.ValidateService(ServiceDescriptor descriptor)
   --- End of inner exception stack trace ---
   at Microsoft.Extensions.DependencyInjection.ServiceProvider.ValidateService(ServiceDescriptor descriptor)
   at Microsoft.Extensions.DependencyInjection.ServiceProvider..ctor(ICollection`1 serviceDescriptors, ServiceProviderOptions options)
2025-01-28 11:04:35.7482 | ERROR | Stopped program because of exception | System.InvalidOperationException: Error while validating the service descriptor 'ServiceType: ContactBookAPI.BL.BLContactBook Lifetime: Transient ImplementationType: ContactBookAPI.BL.BLContactBook': Unable to resolve service for type 'System.String' while attempting to activate 'ContactBookAPI.BL.BLContactBook'.
 ---> System.InvalidOperationException: Unable to resolve service for type 'System.String' while attempting to activate 'ContactBookAPI.BL.BLContactBook'.
   at Microsoft.Extensions.DependencyInjection.ServiceLookup.CallSiteFactory.CreateArgumentCallSites(Type implementationType, CallSiteChain callSiteChain, ParameterInfo[] parameters, Boolean throwIfCallSiteNotFound)
   at Microsoft.Extensions.DependencyInjection.ServiceLookup.CallSiteFactory.CreateConstructorCallSite(ResultCache lifetime, Type serviceType, Type implementationType, CallSiteChain callSiteChain)
   at Microsoft.Extensions.DependencyInjection.ServiceLookup.CallSiteFactory.TryCreateExact(ServiceDescriptor descriptor, Type serviceType, CallSiteChain callSiteChain, Int32 slot)
   at Microsoft.Extensions.DependencyInjection.ServiceLookup.CallSiteFactory.GetCallSite(ServiceDescriptor serviceDescriptor, CallSiteChain callSiteChain)
   at Microsoft.Extensions.DependencyInjection.ServiceProvider.ValidateService(ServiceDescriptor descriptor)
   --- End of inner exception stack trace ---
   at Microsoft.Extensions.DependencyInjection.ServiceProvider.ValidateService(ServiceDescriptor descriptor)
   at Microsoft.Extensions.DependencyInjection.ServiceProvider..ctor(ICollection`1 serviceDescriptors, ServiceProviderOptions options)
